<?xml version="1.0" encoding="UTF-8"?>
<testng-results ignored="0" total="1" passed="1" failed="0" skipped="0">
  <reporter-output>
  </reporter-output>
  <suite started-at="2023-12-21T15:18:45 IST" name="Default suite" finished-at="2023-12-21T15:19:05 IST" duration-ms="20504">
    <groups>
    </groups>
    <test started-at="2023-12-21T15:18:45 IST" name="Default test" finished-at="2023-12-21T15:19:05 IST" duration-ms="20504">
      <class name="Test.homeTest">
        <test-method is-config="true" signature="setUp()[pri:0, instance:Test.homeTest@4145bad8]" started-at="2023-12-21T15:18:45 IST" name="setUp" finished-at="2023-12-21T15:19:00 IST" duration-ms="14976" status="PASS">
          <reporter-output>
          </reporter-output>
        </test-method> <!-- setUp -->
        <test-method signature="loginTest()[pri:0, instance:Test.homeTest@4145bad8]" started-at="2023-12-21T15:19:00 IST" name="loginTest" finished-at="2023-12-21T15:19:05 IST" duration-ms="5448" status="PASS">
          <reporter-output>
          </reporter-output>
        </test-method> <!-- loginTest -->
      </class> <!-- Test.homeTest -->
    </test> <!-- Default test -->
  </suite> <!-- Default suite -->
</testng-results>
